<?xml version="1.0" encoding="UTF-8"?>
<robot generator="Robot 7.2.2 (Python 3.13.2 on win32)" generated="2025-03-17T10:59:42.002544" rpa="false" schemaversion="5">
<suite id="s1" name="Api Test" source="c:\Users\Administrateur\OneDrive - M2I\Bureau\appuimTest2\api_test.robot">
<test id="s1-t1" name="Test" line="15">
<kw name="Given Open ApiDemos" owner="keywords">
<kw name="Open Application" owner="AppiumLibrary">
<arg>${REMOTE_URL}</arg>
<arg>platformName=${PLATFORM_NAME}</arg>
<arg>platformVersion=${PLATFORM_VERSION}</arg>
<arg>deviceName=${DEVICE_NAME}</arg>
<arg>appPackage=${APP_PACKAGE}</arg>
<arg>appActivity=${APP_ACTIVITY}</arg>
<arg>automationName=${AUTOMATION_NAME}</arg>
<doc>Opens a new application to given Appium server.
Capabilities of appium server, Android and iOS,
Please check https://appium.io/docs/en/2.1/cli/args/
| *Option*            | *Man.* | *Description*     |
| remote_url          | Yes    | Appium server url |
| alias               | no     | alias             |
| strict_ssl          | No     | allows you to send commands to an invalid certificate host like a self-signed one. |</doc>
<status status="PASS" start="2025-03-17T10:59:42.293392" elapsed="5.538937"/>
</kw>
<status status="PASS" start="2025-03-17T10:59:42.290263" elapsed="5.542319"/>
</kw>
<kw name="When I click in Views" owner="keywords">
<kw name="Click Element" owner="AppiumLibrary">
<msg time="2025-03-17T10:59:47.835063" level="INFO">Clicking element 'xpath=//android.widget.TextView[@content-desc="Views"]'.</msg>
<msg time="2025-03-17T10:59:50.918384" level="INFO">xpath criteria: //android.widget.TextView[@content-desc="Views"]</msg>
<arg>xpath=//android.widget.TextView[@content-desc="Views"]</arg>
<doc>Click element identified by `locator`.</doc>
<status status="PASS" start="2025-03-17T10:59:47.833851" elapsed="3.084812"/>
</kw>
<status status="PASS" start="2025-03-17T10:59:47.833141" elapsed="3.085648"/>
</kw>
<kw name="Then I an in animation" owner="keywords">
<kw name="Click Element" owner="AppiumLibrary">
<msg time="2025-03-17T10:59:50.921339" level="INFO">Clicking element 'xpath=//android.widget.TextView[@content-desc="Animation"]'.</msg>
<msg time="2025-03-17T10:59:52.347156" level="INFO">xpath criteria: //android.widget.TextView[@content-desc="Animation"]</msg>
<arg>xpath=//android.widget.TextView[@content-desc="Animation"]</arg>
<doc>Click element identified by `locator`.</doc>
<status status="PASS" start="2025-03-17T10:59:50.920087" elapsed="1.427299"/>
</kw>
<status status="PASS" start="2025-03-17T10:59:50.919352" elapsed="1.428174"/>
</kw>
<kw name="When I click push" owner="keywords">
<kw name="Click Element" owner="AppiumLibrary">
<msg time="2025-03-17T10:59:52.350453" level="INFO">Clicking element 'xpath=//android.widget.TextView[@content-desc="Push"]'.</msg>
<msg time="2025-03-17T10:59:53.761920" level="INFO">xpath criteria: //android.widget.TextView[@content-desc="Push"]</msg>
<arg>xpath=//android.widget.TextView[@content-desc="Push"]</arg>
<doc>Click element identified by `locator`.</doc>
<status status="PASS" start="2025-03-17T10:59:52.349216" elapsed="1.413159"/>
</kw>
<status status="PASS" start="2025-03-17T10:59:52.348530" elapsed="1.414210"/>
</kw>
<kw name="Then dropdown menu is displayed" owner="keywords">
<kw name="Click Element" owner="AppiumLibrary">
<msg time="2025-03-17T10:59:53.764960" level="INFO">Clicking element 'xpath=//android.widget.Spinner[@resource-id="io.appium.android.apis:id/spinner"]'.</msg>
<msg time="2025-03-17T10:59:53.892139" level="INFO">xpath criteria: //android.widget.Spinner[@resource-id="io.appium.android.apis:id/spinner"]</msg>
<arg>xpath=//android.widget.Spinner[@resource-id="io.appium.android.apis:id/spinner"]</arg>
<doc>Click element identified by `locator`.</doc>
<status status="PASS" start="2025-03-17T10:59:53.763887" elapsed="0.128510"/>
</kw>
<status status="PASS" start="2025-03-17T10:59:53.763349" elapsed="0.129181"/>
</kw>
<kw name="when I click on hyperspace" owner="keywords">
<kw name="Click Element" owner="AppiumLibrary">
<msg time="2025-03-17T10:59:53.895425" level="INFO">Clicking element 'xpath=//android.widget.CheckedTextView[@resource-id="android:id/text1" and @text="Hyperspace"]'.</msg>
<msg time="2025-03-17T10:59:55.914129" level="INFO">xpath criteria: //android.widget.CheckedTextView[@resource-id="android:id/text1" and @text="Hyperspace"]</msg>
<arg>xpath=//android.widget.CheckedTextView[@resource-id="android:id/text1" and @text="Hyperspace"]</arg>
<doc>Click element identified by `locator`.</doc>
<status status="PASS" start="2025-03-17T10:59:53.893935" elapsed="2.020453"/>
</kw>
<status status="PASS" start="2025-03-17T10:59:53.893236" elapsed="2.021321"/>
</kw>
<kw name="Then a text appears" owner="keywords">
<kw name="Get Text" owner="AppiumLibrary">
<msg time="2025-03-17T10:59:55.956479" level="INFO">Element 'xpath=//android.widget.ViewFlipper[@resource-id="io.appium.android.apis:id/flipper"]' text is '' </msg>
<msg time="2025-03-17T10:59:55.956692" level="INFO">xpath criteria: //android.widget.ViewFlipper[@resource-id="io.appium.android.apis:id/flipper"]</msg>
<msg time="2025-03-17T10:59:55.956831" level="INFO">${textHyperspace} = </msg>
<var>${textHyperspace}</var>
<arg>xpath=//android.widget.ViewFlipper[@resource-id="io.appium.android.apis:id/flipper"]</arg>
<doc>Get element text (for hybrid and mobile browser use `xpath` locator, others might cause problem)</doc>
<status status="PASS" start="2025-03-17T10:59:55.915675" elapsed="0.041226"/>
</kw>
<kw name="Log" owner="BuiltIn">
<msg time="2025-03-17T10:59:55.957570" level="INFO"/>
<arg>${textHyperspace}</arg>
<doc>Logs the given message with the given level.</doc>
<status status="PASS" start="2025-03-17T10:59:55.957120" elapsed="0.000532"/>
</kw>
<status status="PASS" start="2025-03-17T10:59:55.915092" elapsed="0.042686"/>
</kw>
<msg time="2025-03-17T10:59:55.977376" level="INFO">Starting Browser process C:\Users\Administrateur\AppData\Local\Programs\Python\Python313\Lib\site-packages\Browser\wrapper\index.js using port 56202</msg>
<msg time="2025-03-17T10:59:55.978062" level="INFO">Node startup parameters: ['node', 'C:\\Users\\Administrateur\\AppData\\Local\\Programs\\Python\\Python313\\Lib\\site-packages\\Browser\\wrapper\\index.js', '56202']</msg>
<status status="PASS" start="2025-03-17T10:59:42.289461" elapsed="13.668744"/>
</test>
<status status="PASS" start="2025-03-17T10:59:42.006461" elapsed="14.538699"/>
</suite>
<statistics>
<total>
<stat pass="1" fail="0" skip="0">All Tests</stat>
</total>
<tag>
</tag>
<suite>
<stat name="Api Test" id="s1" pass="1" fail="0" skip="0">Api Test</stat>
</suite>
</statistics>
<errors>
</errors>
</robot>
